<?xml version="1.0" encoding="UTF-8"?>
<!-- Generated by org.testng.reporters.JUnitReportReporter -->
<testsuite hostname="LP-5CD9183VD3" name="assignment.download_file" tests="1" failures="0" timestamp="28 Aug 2021 11:10:07 GMT" time="9.913" errors="0">
  <testcase name="test" time="9.913" classname="assignment.download_file"/>
</testsuite> <!-- assignment.download_file -->
