<?xml version="1.0" encoding="UTF-8"?>
<!-- Generated by org.testng.reporters.JUnitReportReporter -->
<testsuite hostname="LP-5CD9183VD3" name="com.example.Annotation" tests="3" failures="0" timestamp="28 Aug 2021 11:48:27 GMT" time="0.015" errors="0">
  <testcase name="sample3" time="0.003" classname="com.example.Annotation"/>
  <testcase name="sample1" time="0.008" classname="com.example.Annotation"/>
  <testcase name="sample2" time="0.004" classname="com.example.Annotation"/>
</testsuite> <!-- com.example.Annotation -->
