<?xml version="1.0" encoding="UTF-8"?>
<!-- Generated by org.testng.reporters.JUnitReportReporter -->
<testsuite hostname="LP-5CD9183VD3" name="com.example.Parallel_testing" tests="3" failures="0" timestamp="28 Aug 2021 11:51:18 GMT" time="0.016" errors="0">
  <testcase name="c" time="0.005" classname="com.example.Parallel_testing"/>
  <testcase name="a" time="0.008" classname="com.example.Parallel_testing"/>
  <testcase name="b" time="0.003" classname="com.example.Parallel_testing"/>
</testsuite> <!-- com.example.Parallel_testing -->
