<?xml version="1.0" encoding="UTF-8"?>
<!-- Generated by org.testng.reporters.JUnitReportReporter -->
<testsuite hostname="LP-5CD9183VD3" name="com.example.Exception" tests="1" failures="0" timestamp="28 Aug 2021 11:49:54 GMT" time="0.036" errors="0">
  <testcase name="test1" time="0.036" classname="com.example.Exception"/>
</testsuite> <!-- com.example.Exception -->
