<?xml version="1.0" encoding="UTF-8"?>
<!-- Generated by org.testng.reporters.JUnitReportReporter -->
<testsuite hostname="LP-5CD9183VD3" name="extent_Report.extent_Script1" tests="1" failures="0" timestamp="31 Aug 2021 06:45:18 GMT" time="30.120" errors="0">
  <testcase name="test" time="30.120" classname="extent_Report.extent_Script1"/>
</testsuite> <!-- extent_Report.extent_Script1 -->
