<?xml version="1.0" encoding="UTF-8"?>
<!-- Generated by org.testng.reporters.JUnitReportReporter -->
<testsuite hostname="LP-5CD9183VD3" name="com.example.Depends_on_Method" tests="3" failures="0" timestamp="28 Aug 2021 11:49:34 GMT" time="0.022" errors="0">
  <testcase name="b" time="0.017" classname="com.example.Depends_on_Method"/>
  <testcase name="c" time="0.002" classname="com.example.Depends_on_Method"/>
  <testcase name="a" time="0.003" classname="com.example.Depends_on_Method"/>
</testsuite> <!-- com.example.Depends_on_Method -->
