<?xml version="1.0" encoding="UTF-8"?>
<!-- Generated by org.testng.reporters.JUnitReportReporter -->
<testsuite hostname="LP-5CD9183VD3" name="assignment.apachiPoi_Write" tests="1" failures="0" timestamp="28 Aug 2021 11:01:40 GMT" time="11.574" errors="0">
  <testcase name="fatchData1" time="11.574" classname="assignment.apachiPoi_Write"/>
</testsuite> <!-- assignment.apachiPoi_Write -->
