<?xml version="1.0" encoding="UTF-8"?>
<!-- Generated by org.testng.reporters.JUnitReportReporter -->
<testsuite hostname="LP-5CD9183VD3" name="com.example.Data_Provider" tests="6" failures="0" timestamp="28 Aug 2021 11:49:06 GMT" time="0.025" errors="0">
  <testcase name="testMethod" time="0.014" classname="com.example.Data_Provider"/>
  <testcase name="testMethod" time="0.003" classname="com.example.Data_Provider"/>
  <testcase name="testMethod" time="0.002" classname="com.example.Data_Provider"/>
  <testcase name="testMethod" time="0.003" classname="com.example.Data_Provider"/>
  <testcase name="testMethod" time="0.001" classname="com.example.Data_Provider"/>
  <testcase name="testMethod" time="0.002" classname="com.example.Data_Provider"/>
</testsuite> <!-- com.example.Data_Provider -->
