<?xml version="1.0" encoding="UTF-8"?>
<!-- Generated by org.testng.reporters.JUnitReportReporter -->
<testsuite hostname="LP-5CD9183VD3" name="listener.book_Bus" tests="1" failures="0" timestamp="28 Aug 2021 11:30:17 GMT" time="24.275" errors="0">
  <testcase name="book_bus1" time="24.275" classname="listener.book_Bus"/>
</testsuite> <!-- listener.book_Bus -->
