<?xml version="1.0" encoding="UTF-8"?>
<!-- Generated by org.testng.reporters.JUnitReportReporter -->
<testsuite hostname="LP-5CD9183VD3" name="assignment.Upload_file_Using_robot_class" tests="1" failures="0" timestamp="28 Aug 2021 11:21:12 GMT" time="16.959" errors="0">
  <testcase name="f" time="16.959" classname="assignment.Upload_file_Using_robot_class"/>
</testsuite> <!-- assignment.Upload_file_Using_robot_class -->
