<?xml version="1.0" encoding="UTF-8"?>
<!-- Generated by org.testng.reporters.JUnitReportReporter -->
<testsuite hostname="LP-5CD9183VD3" name="com.example.Groups" tests="3" failures="0" timestamp="28 Aug 2021 11:50:45 GMT" time="0.017" errors="0">
  <testcase name="c" time="0.005" classname="com.example.Groups"/>
  <testcase name="a" time="0.010" classname="com.example.Groups"/>
  <testcase name="b" time="0.002" classname="com.example.Groups"/>
</testsuite> <!-- com.example.Groups -->
