<?xml version="1.0" encoding="UTF-8"?>
<!-- Generated by org.testng.reporters.JUnitReportReporter -->
<testsuite hostname="LP-5CD9183VD3" name="assignment.retrive_cookies" tests="1" failures="0" timestamp="28 Aug 2021 11:17:16 GMT" time="18.062" errors="0">
  <testcase name="cookies" time="18.062" classname="assignment.retrive_cookies"/>
</testsuite> <!-- assignment.retrive_cookies -->
