<?xml version="1.0" encoding="UTF-8"?>
<!-- Generated by org.testng.reporters.JUnitReportReporter -->
<testsuite hostname="LP-5CD9183VD3" name="assignment.tool_tip" tests="1" failures="0" timestamp="28 Aug 2021 11:19:12 GMT" time="16.651" errors="0">
  <testcase name="tool_tip1" time="16.651" classname="assignment.tool_tip"/>
</testsuite> <!-- assignment.tool_tip -->
