<?xml version="1.0" encoding="UTF-8"?>
<!-- Generated by org.testng.reporters.JUnitReportReporter -->
<testsuite hostname="LP-5CD9183VD3" name="assignment.delete_cookies" tests="1" failures="0" timestamp="28 Aug 2021 11:09:20 GMT" time="12.812" errors="0">
  <testcase name="test" time="12.812" classname="assignment.delete_cookies"/>
</testsuite> <!-- assignment.delete_cookies -->
