<?xml version="1.0" encoding="UTF-8"?>
<!-- Generated by org.testng.reporters.JUnitReportReporter -->
<testsuite hostname="LP-5CD9183VD3" name="assignment.add_cookies" tests="1" failures="0" timestamp="28 Aug 2021 10:53:56 GMT" time="14.634" errors="0">
  <testcase name="test" time="14.634" classname="assignment.add_cookies"/>
</testsuite> <!-- assignment.add_cookies -->
