<?xml version="1.0" encoding="UTF-8"?>
<!-- Generated by org.testng.reporters.JUnitReportReporter -->
<testsuite hostname="LP-5CD9183VD3" name="assignment.apachiPoi_Read" tests="1" failures="0" timestamp="28 Aug 2021 10:59:27 GMT" time="37.480" errors="0">
  <testcase name="fatchData1" time="37.480" classname="assignment.apachiPoi_Read"/>
</testsuite> <!-- assignment.apachiPoi_Read -->
